{"D:\\NETO\\Netology\\ajs-homework-decisions\\test-ci-2\\src\\js\\app.js": {"path":"D:\\NETO\\Netology\\ajs-homework-decisions\\test-ci-2\\src\\js\\app.js","statementMap":{"0":{"start":{"line":2,"column":2},"end":{"line":2,"column":51}},"1":{"start":{"line":2,"column":30},"end":{"line":2,"column":49}}},"fnMap":{"0":{"name":"sortByHealth","decl":{"start":{"line":1,"column":24},"end":{"line":1,"column":36}},"loc":{"start":{"line":1,"column":44},"end":{"line":3,"column":1}},"line":1},"1":{"name":"(anonymous_1)","decl":{"start":{"line":2,"column":20},"end":{"line":2,"column":21}},"loc":{"start":{"line":2,"column":30},"end":{"line":2,"column":49}},"line":2}},"branchMap":{},"s":{"0":1,"1":4},"f":{"0":1,"1":4},"b":{},"_coverageSchema":"1a1c01bbd47fc00a2c39e90264f33305004495a9","hash":"351fa7d77106f308210e95212c8aa8bcf8477021"}
}
